2016-07-12 14:48:53  [ main:0 ] - [ ERROR ]  test()
  2016-07-12 14:49:59  [ main:0 ] - [ ERROR ]  test()
  2016-07-12 15:34:02  [ main:0 ] - [ ERROR ]  test()
  2016-07-12 15:34:02  [ main:65 ] - [ ERROR ]  57838282d4c635307e88d3e3; zhourui
  2016-07-12 15:34:02  [ main:65 ] - [ ERROR ]  57848f31d4c623627b4108d6; zhourui123
  2016-07-12 15:34:02  [ main:66 ] - [ ERROR ]  57848f3fd4c623627b4108d7; zhourui123
  2016-07-12 15:34:02  [ main:66 ] - [ ERROR ]  57848f90d4c63677fc883189; zhourui123
  2016-07-12 15:34:02  [ main:66 ] - [ ERROR ]  57848febd4c659794aaa3927; zhourui123
  2016-07-12 15:34:02  [ main:66 ] - [ ERROR ]  57849d6ad4c6046e13a589bb; zhourui123
  2016-07-12 15:34:40  [ main:0 ] - [ ERROR ]  test()
  2016-07-12 15:34:40  [ main:80 ] - [ ERROR ]  57838282d4c635307e88d3e3; zhourui
  2016-07-12 15:34:40  [ main:81 ] - [ ERROR ]  57848f31d4c623627b4108d6; zhourui123
  2016-07-12 15:34:40  [ main:81 ] - [ ERROR ]  57848f3fd4c623627b4108d7; zhourui123
  2016-07-12 15:34:40  [ main:81 ] - [ ERROR ]  57848f90d4c63677fc883189; zhourui123
  2016-07-12 15:34:40  [ main:81 ] - [ ERROR ]  57848febd4c659794aaa3927; zhourui123
  2016-07-12 15:34:40  [ main:81 ] - [ ERROR ]  57849d6ad4c6046e13a589bb; zhourui123
  2016-07-12 15:34:40  [ main:81 ] - [ ERROR ]  57849d90d4c67dc879b54dce; zhourui123
  2016-07-12 15:34:54  [ main:0 ] - [ ERROR ]  test()
  2016-07-12 15:34:54  [ main:67 ] - [ ERROR ]  57838282d4c635307e88d3e3; zhourui
  2016-07-12 15:34:54  [ main:67 ] - [ ERROR ]  57848f31d4c623627b4108d6; zhourui123
  2016-07-12 15:34:54  [ main:67 ] - [ ERROR ]  57848f3fd4c623627b4108d7; zhourui123
  2016-07-12 15:34:54  [ main:67 ] - [ ERROR ]  57848f90d4c63677fc883189; zhourui123
  2016-07-12 15:34:54  [ main:68 ] - [ ERROR ]  57848febd4c659794aaa3927; zhourui123
  2016-07-12 15:34:54  [ main:68 ] - [ ERROR ]  57849d6ad4c6046e13a589bb; zhourui123
  2016-07-12 15:34:54  [ main:68 ] - [ ERROR ]  57849d90d4c67dc879b54dce; zhourui123
  2016-07-12 15:34:54  [ main:68 ] - [ ERROR ]  57849d9ed4c6cb928470a2b0; zhourui123
  2016-07-12 15:38:45  [ main:0 ] - [ ERROR ]  test()
  2016-07-12 15:38:45  [ main:86 ] - [ ERROR ]  57838282d4c635307e88d3e3; zhourui
  2016-07-12 15:38:45  [ main:87 ] - [ ERROR ]  57848f31d4c623627b4108d6; zhourui123
  2016-07-12 15:38:45  [ main:87 ] - [ ERROR ]  57848f3fd4c623627b4108d7; zhourui123
  2016-07-12 15:38:45  [ main:87 ] - [ ERROR ]  57848f90d4c63677fc883189; zhourui123
  2016-07-12 15:38:45  [ main:87 ] - [ ERROR ]  57848febd4c659794aaa3927; zhourui123
  2016-07-12 15:38:45  [ main:87 ] - [ ERROR ]  57849d6ad4c6046e13a589bb; zhourui123
  2016-07-12 15:38:45  [ main:88 ] - [ ERROR ]  57849d90d4c67dc879b54dce; zhourui123
  2016-07-12 15:38:45  [ main:88 ] - [ ERROR ]  57849d9ed4c6cb928470a2b0; zhourui123
  2016-07-12 15:38:45  [ main:88 ] - [ ERROR ]  57849e85d4c641a066bff043; zhourui123
  2016-07-12 15:38:56  [ main:0 ] - [ ERROR ]  test()
  2016-07-12 15:38:56  [ main:67 ] - [ ERROR ]  57838282d4c635307e88d3e3; zhourui
  2016-07-12 15:38:56  [ main:68 ] - [ ERROR ]  57848f31d4c623627b4108d6; zhourui123
  2016-07-12 15:38:56  [ main:68 ] - [ ERROR ]  57848f3fd4c623627b4108d7; zhourui123
  2016-07-12 15:38:56  [ main:68 ] - [ ERROR ]  57848f90d4c63677fc883189; zhourui123
  2016-07-12 15:38:56  [ main:68 ] - [ ERROR ]  57848febd4c659794aaa3927; zhourui123
  2016-07-12 15:38:56  [ main:68 ] - [ ERROR ]  57849d6ad4c6046e13a589bb; zhourui123
  2016-07-12 15:38:56  [ main:68 ] - [ ERROR ]  57849d90d4c67dc879b54dce; zhourui123
  2016-07-12 15:38:56  [ main:68 ] - [ ERROR ]  57849d9ed4c6cb928470a2b0; zhourui123
  2016-07-12 15:38:56  [ main:68 ] - [ ERROR ]  57849e85d4c641a066bff043; zhourui123
  2016-07-12 15:38:56  [ main:69 ] - [ ERROR ]  57849e90d4c63aebac6a4a9c; zhourui123
  2016-07-12 15:39:14  [ main:0 ] - [ ERROR ]  test()
  2016-07-12 15:39:14  [ main:66 ] - [ ERROR ]  57838282d4c635307e88d3e3; zhourui
  2016-07-12 15:39:14  [ main:66 ] - [ ERROR ]  57848f31d4c623627b4108d6; zhourui123
  2016-07-12 15:39:14  [ main:66 ] - [ ERROR ]  57848f3fd4c623627b4108d7; zhourui123
  2016-07-12 15:39:14  [ main:66 ] - [ ERROR ]  57848f90d4c63677fc883189; zhourui123
  2016-07-12 15:39:14  [ main:67 ] - [ ERROR ]  57848febd4c659794aaa3927; zhourui123
  2016-07-12 15:39:14  [ main:67 ] - [ ERROR ]  57849d6ad4c6046e13a589bb; zhourui123
  2016-07-12 15:39:14  [ main:67 ] - [ ERROR ]  57849d90d4c67dc879b54dce; zhourui123
  2016-07-12 15:39:14  [ main:67 ] - [ ERROR ]  57849d9ed4c6cb928470a2b0; zhourui123
  2016-07-12 15:39:14  [ main:68 ] - [ ERROR ]  57849e85d4c641a066bff043; zhourui123
  2016-07-12 15:39:14  [ main:68 ] - [ ERROR ]  57849e90d4c63aebac6a4a9c; zhourui123
  2016-07-12 15:39:14  [ main:68 ] - [ ERROR ]  57849ea2d4c690ec4f437438; zhourui123
  2016-07-12 15:56:18  [ main:0 ] - [ ERROR ]  test()
  2016-07-12 15:56:18  [ main:69 ] - [ ERROR ]  57838282d4c635307e88d3e3; zhourui
  2016-07-12 15:56:18  [ main:69 ] - [ ERROR ]  57848f31d4c623627b4108d6; zhourui123
  2016-07-12 15:56:18  [ main:70 ] - [ ERROR ]  57848f3fd4c623627b4108d7; zhourui123
  2016-07-12 15:56:18  [ main:70 ] - [ ERROR ]  57848f90d4c63677fc883189; zhourui123
  2016-07-12 15:56:18  [ main:70 ] - [ ERROR ]  57848febd4c659794aaa3927; zhourui123
  2016-07-12 15:56:18  [ main:70 ] - [ ERROR ]  57849d6ad4c6046e13a589bb; zhourui123
  2016-07-12 15:56:18  [ main:70 ] - [ ERROR ]  57849d90d4c67dc879b54dce; zhourui123
  2016-07-12 15:56:18  [ main:70 ] - [ ERROR ]  57849d9ed4c6cb928470a2b0; zhourui123
  2016-07-12 15:56:18  [ main:70 ] - [ ERROR ]  57849e85d4c641a066bff043; zhourui123
  2016-07-12 15:56:18  [ main:70 ] - [ ERROR ]  57849e90d4c63aebac6a4a9c; zhourui123
  2016-07-12 15:56:18  [ main:70 ] - [ ERROR ]  57849ea2d4c690ec4f437438; zhourui123
  2016-07-12 15:56:18  [ main:71 ] - [ ERROR ]  5784a2a2d4c65d615042045a; zhourui123
  2016-07-12 15:56:30  [ main:0 ] - [ ERROR ]  test()
  2016-07-12 15:56:30  [ main:73 ] - [ ERROR ]  57838282d4c635307e88d3e3; zhourui
  2016-07-12 15:56:30  [ main:74 ] - [ ERROR ]  57848f31d4c623627b4108d6; zhourui123
  2016-07-12 15:56:30  [ main:74 ] - [ ERROR ]  57848f3fd4c623627b4108d7; zhourui123
  2016-07-12 15:56:30  [ main:74 ] - [ ERROR ]  57848f90d4c63677fc883189; zhourui123
  2016-07-12 15:56:30  [ main:74 ] - [ ERROR ]  57848febd4c659794aaa3927; zhourui123
  2016-07-12 15:56:30  [ main:74 ] - [ ERROR ]  57849d6ad4c6046e13a589bb; zhourui123
  2016-07-12 15:56:30  [ main:74 ] - [ ERROR ]  57849d90d4c67dc879b54dce; zhourui123
  2016-07-12 15:56:30  [ main:74 ] - [ ERROR ]  57849d9ed4c6cb928470a2b0; zhourui123
  2016-07-12 15:56:30  [ main:74 ] - [ ERROR ]  57849e85d4c641a066bff043; zhourui123
  2016-07-12 15:56:30  [ main:74 ] - [ ERROR ]  57849e90d4c63aebac6a4a9c; zhourui123
  2016-07-12 15:56:30  [ main:75 ] - [ ERROR ]  57849ea2d4c690ec4f437438; zhourui123
  2016-07-12 15:56:30  [ main:75 ] - [ ERROR ]  5784a2a2d4c65d615042045a; zhourui123
  2016-07-12 15:56:30  [ main:75 ] - [ ERROR ]  5784a2aed4c624edefd6510e; zhourui123
  2016-07-12 16:42:18  [ main:0 ] - [ ERROR ]  MongoUser [id=57838282d4c635307e88d3e3, name=zhourui, numbers=null]
  2016-07-12 16:42:18  [ main:1 ] - [ ERROR ]  MongoUser [id=57848f31d4c623627b4108d6, name=zhourui123, numbers=null]
  2016-07-12 16:42:18  [ main:1 ] - [ ERROR ]  MongoUser [id=57848f3fd4c623627b4108d7, name=zhourui123, numbers=null]
  2016-07-12 16:42:18  [ main:1 ] - [ ERROR ]  MongoUser [id=57848f90d4c63677fc883189, name=zhourui123, numbers=null]
  2016-07-12 16:42:18  [ main:1 ] - [ ERROR ]  MongoUser [id=57848febd4c659794aaa3927, name=zhourui123, numbers=null]
  2016-07-12 16:42:18  [ main:3 ] - [ ERROR ]  MongoUser [id=57849d6ad4c6046e13a589bb, name=zhourui123, numbers=null]
  2016-07-12 16:42:18  [ main:3 ] - [ ERROR ]  MongoUser [id=57849d90d4c67dc879b54dce, name=zhourui123, numbers=null]
  2016-07-12 16:42:18  [ main:3 ] - [ ERROR ]  MongoUser [id=57849d9ed4c6cb928470a2b0, name=zhourui123, numbers=null]
  2016-07-12 16:42:18  [ main:3 ] - [ ERROR ]  MongoUser [id=57849e85d4c641a066bff043, name=zhourui123, numbers=null]
  2016-07-12 16:42:18  [ main:3 ] - [ ERROR ]  MongoUser [id=57849e90d4c63aebac6a4a9c, name=zhourui123, numbers=null]
  2016-07-12 16:42:18  [ main:3 ] - [ ERROR ]  MongoUser [id=57849ea2d4c690ec4f437438, name=zhourui123, numbers=null]
  2016-07-12 16:42:18  [ main:4 ] - [ ERROR ]  MongoUser [id=5784a2a2d4c65d615042045a, name=zhourui123, numbers=null]
  2016-07-12 16:42:18  [ main:4 ] - [ ERROR ]  MongoUser [id=5784a2aed4c624edefd6510e, name=zhourui123, numbers=null]
  2016-07-12 16:42:18  [ main:4 ] - [ ERROR ]  MongoUser [id=5784ad6ad4c625cb704896df, name=zhouruiTest, numbers=[100013, 100014, 100067, 103456, 107654, 108901]]
  2016-07-12 16:48:23  [ main:0 ] - [ ERROR ]  MongoUser [id=57838282d4c635307e88d3e3, name=zhourui, numbers=null]
  2016-07-12 16:48:23  [ main:0 ] - [ ERROR ]  MongoUser [id=57848f31d4c623627b4108d6, name=zhourui123, numbers=null]
  2016-07-12 16:48:23  [ main:0 ] - [ ERROR ]  MongoUser [id=57848f3fd4c623627b4108d7, name=zhourui123, numbers=null]
  2016-07-12 16:48:23  [ main:1 ] - [ ERROR ]  MongoUser [id=57848f90d4c63677fc883189, name=zhourui123, numbers=null]
  2016-07-12 16:48:23  [ main:1 ] - [ ERROR ]  MongoUser [id=57848febd4c659794aaa3927, name=zhourui123, numbers=null]
  2016-07-12 16:48:23  [ main:1 ] - [ ERROR ]  MongoUser [id=57849d6ad4c6046e13a589bb, name=zhourui123, numbers=null]
  2016-07-12 16:48:23  [ main:1 ] - [ ERROR ]  MongoUser [id=57849d90d4c67dc879b54dce, name=zhourui123, numbers=null]
  2016-07-12 16:48:23  [ main:1 ] - [ ERROR ]  MongoUser [id=57849d9ed4c6cb928470a2b0, name=zhourui123, numbers=null]
  2016-07-12 16:48:23  [ main:1 ] - [ ERROR ]  MongoUser [id=57849e85d4c641a066bff043, name=zhourui123, numbers=null]
  2016-07-12 16:48:23  [ main:1 ] - [ ERROR ]  MongoUser [id=57849e90d4c63aebac6a4a9c, name=zhourui123, numbers=null]
  2016-07-12 16:48:23  [ main:1 ] - [ ERROR ]  MongoUser [id=57849ea2d4c690ec4f437438, name=zhourui123, numbers=null]
  2016-07-12 16:48:23  [ main:1 ] - [ ERROR ]  MongoUser [id=5784a2a2d4c65d615042045a, name=zhourui123, numbers=null]
  2016-07-12 16:48:23  [ main:2 ] - [ ERROR ]  MongoUser [id=5784a2aed4c624edefd6510e, name=zhourui123, numbers=null]
  2016-07-12 16:48:23  [ main:2 ] - [ ERROR ]  MongoUser [id=5784ad6ad4c625cb704896df, name=zhouruiTest, numbers=[100013, 100014, 100067, 103456, 107654, 108901]]
  2016-07-12 16:48:23  [ main:7 ] - [ ERROR ]  MongoUser [id=5784ad6ad4c625cb704896df, name=zhouruiTest, numbers=[100013, 100014, 100067, 103456, 107654, 108901]]
  